

Processing UsersController#signin (for 127.0.0.1 at 2010-10-01 21:39:17) [GET]
  Parameters: {"id"=>1}
Rendering template within layouts/application
Rendering users/signin
Completed in 29ms (View: 22, DB: 0) | 200 OK [http://localhost/]


Processing ApplicationController#index (for 127.0.0.1 at 2010-10-01 21:39:20) [GET]

ActionController::RoutingError (No route matches "/stylesheets/application.css" with {:method=>:get}):
  -e:1:in `load'
  -e:1

Rendering rescues/layout (not_found)


Processing UsersController#signin (for 127.0.0.1 at 2010-10-01 21:39:39) [POST]
  Parameters: {"commit"=>"Sign In", "authenticity_token"=>"YRWHMFY3gz2j4/oi/Ayyvxct0nJF01GyTKFF3VRK/wA=", "id"=>1, "user"=>{"username"=>"admin", "password"=>"admin"}}
Redirected to http://localhost:3000/posts
Completed in 21ms (DB: 1) | 302 Found [http://localhost/]


Processing PostsController#index (for 127.0.0.1 at 2010-10-01 21:39:40) [GET]
Rendering template within layouts/application
Rendering posts/index
Completed in 43ms (View: 34, DB: 1) | 200 OK [http://localhost/posts]


Processing ApplicationController#index (for 127.0.0.1 at 2010-10-01 21:39:42) [GET]

ActionController::RoutingError (No route matches "/stylesheets/application.css" with {:method=>:get}):
  -e:1:in `load'
  -e:1

Rendering rescues/layout (not_found)


Processing UsersController#signin (for 127.0.0.1 at 2010-10-01 21:40:13) [GET]
  Parameters: {"id"=>1}
Rendering template within layouts/application
Rendering users/signin
Completed in 9ms (View: 9, DB: 0) | 200 OK [http://localhost/]


Processing ApplicationController#index (for 127.0.0.1 at 2010-10-01 21:40:16) [GET]

ActionController::RoutingError (No route matches "/stylesheets/application.css" with {:method=>:get}):
  -e:1:in `load'
  -e:1

Rendering rescues/layout (not_found)


Processing UsersController#signin (for 127.0.0.1 at 2010-10-01 21:40:23) [POST]
  Parameters: {"commit"=>"Sign In", "authenticity_token"=>"YRWHMFY3gz2j4/oi/Ayyvxct0nJF01GyTKFF3VRK/wA=", "id"=>1, "user"=>{"username"=>"admin", "password"=>"admin"}}
Redirected to http://localhost:3000/posts
Completed in 4ms (DB: 1) | 302 Found [http://localhost/]


Processing PostsController#index (for 127.0.0.1 at 2010-10-01 21:40:24) [GET]
Rendering template within layouts/application
Rendering posts/index
Completed in 20ms (View: 17, DB: 1) | 200 OK [http://localhost/posts]


Processing ApplicationController#index (for 127.0.0.1 at 2010-10-01 21:40:26) [GET]

ActionController::RoutingError (No route matches "/stylesheets/application.css" with {:method=>:get}):
  -e:1:in `load'
  -e:1

Rendering rescues/layout (not_found)


Processing PostsController#create (for 127.0.0.1 at 2010-10-01 21:41:02) [POST]
  Parameters: {"commit"=>"Post", "post"=>{"content"=>"post 1"}, "authenticity_token"=>"YRWHMFY3gz2j4/oi/Ayyvxct0nJF01GyTKFF3VRK/wA="}
Redirected to http://localhost:3000/posts
Completed in 191ms (DB: 3) | 302 Found [http://localhost/posts]


Processing PostsController#index (for 127.0.0.1 at 2010-10-01 21:41:03) [GET]
Rendering template within layouts/application
Rendering posts/index
Completed in 44ms (View: 37, DB: 6) | 200 OK [http://localhost/posts]


Processing ApplicationController#index (for 127.0.0.1 at 2010-10-01 21:41:06) [GET]

ActionController::RoutingError (No route matches "/stylesheets/application.css" with {:method=>:get}):
  -e:1:in `load'
  -e:1

Rendering rescues/layout (not_found)


Processing PostsController#search (for 127.0.0.1 at 2010-10-01 21:41:14) [GET]
  Parameters: {"id"=>"1"}
Rendering template within layouts/application
Rendering posts/search
Completed in 22ms (View: 22, DB: 0) | 200 OK [http://localhost/posts/1/search]


Processing ApplicationController#index (for 127.0.0.1 at 2010-10-01 21:41:16) [GET]

ActionController::RoutingError (No route matches "/stylesheets/application.css" with {:method=>:get}):
  -e:1:in `load'
  -e:1

Rendering rescues/layout (not_found)


Processing PostsController#index (for 127.0.0.1 at 2010-10-01 21:41:25) [GET]
  Parameters: {"id"=>"1", "content"=>"sddgfd"}
Rendering template within layouts/application
Rendering posts/index
Completed in 15ms (View: 13, DB: 1) | 200 OK [http://localhost/posts/index/1?content=sddgfd]


Processing ApplicationController#index (for 127.0.0.1 at 2010-10-01 21:41:27) [GET]

ActionController::RoutingError (No route matches "/stylesheets/application.css" with {:method=>:get}):
  -e:1:in `load'
  -e:1

Rendering rescues/layout (not_found)


Processing UsersController#logout (for 127.0.0.1 at 2010-10-01 21:42:37) [GET]
  Parameters: {"id"=>"1"}
Redirected to http://localhost:3000/
Completed in 2ms (DB: 0) | 302 Found [http://localhost/users/1/logout]


Processing UsersController#signin (for 127.0.0.1 at 2010-10-01 21:42:48) [GET]
  Parameters: {"id"=>1}
Rendering template within layouts/application
Rendering users/signin
Completed in 12ms (View: 11, DB: 0) | 200 OK [http://localhost/]


Processing ApplicationController#index (for 127.0.0.1 at 2010-10-01 21:42:50) [GET]

ActionController::RoutingError (No route matches "/stylesheets/application.css" with {:method=>:get}):
  -e:1:in `load'
  -e:1

Rendering rescues/layout (not_found)


Processing UsersController#signin (for 127.0.0.1 at 2010-10-01 21:43:16) [GET]
  Parameters: {"id"=>1}
Rendering template within layouts/application
Rendering users/signin
Completed in 12ms (View: 10, DB: 0) | 200 OK [http://localhost/]


Processing ApplicationController#index (for 127.0.0.1 at 2010-10-01 21:43:18) [GET]

ActionController::RoutingError (No route matches "/stylesheets/application.css" with {:method=>:get}):
  -e:1:in `load'
  -e:1

Rendering rescues/layout (not_found)


Processing UsersController#signin (for 127.0.0.1 at 2010-10-01 22:17:04) [POST]
  Parameters: {"commit"=>"Sign In", "authenticity_token"=>"o/lBVJafYeceM+cbTEcmbDiu1y/g9Vp4VstNySdpzBE=", "id"=>1, "user"=>{"username"=>"admin", "password"=>"admin"}}
Redirected to http://localhost:3000/posts
Completed in 5ms (DB: 2) | 302 Found [http://localhost/]


Processing PostsController#index (for 127.0.0.1 at 2010-10-01 22:17:05) [GET]
Rendering template within layouts/application
Rendering posts/index
Completed in 36ms (View: 28, DB: 6) | 200 OK [http://localhost/posts]


Processing ApplicationController#index (for 127.0.0.1 at 2010-10-01 22:17:07) [GET]

ActionController::RoutingError (No route matches "/stylesheets/application.css" with {:method=>:get}):
  -e:1:in `load'
  -e:1

Rendering rescues/layout (not_found)


Processing PostsController#search (for 127.0.0.1 at 2010-10-01 22:17:24) [GET]
  Parameters: {"id"=>"1"}
Rendering template within layouts/application
Rendering posts/search
Completed in 12ms (View: 11, DB: 0) | 200 OK [http://localhost/posts/1/search]


Processing ApplicationController#index (for 127.0.0.1 at 2010-10-01 22:17:26) [GET]

ActionController::RoutingError (No route matches "/stylesheets/application.css" with {:method=>:get}):
  -e:1:in `load'
  -e:1

Rendering rescues/layout (not_found)


Processing PostsController#search (for 127.0.0.1 at 2010-10-01 22:17:58) [GET]
  Parameters: {"id"=>"1"}
Rendering template within layouts/application
Rendering posts/search
Completed in 12ms (View: 12, DB: 0) | 200 OK [http://localhost/posts/1/search]


Processing ApplicationController#index (for 127.0.0.1 at 2010-10-01 22:18:00) [GET]

ActionController::RoutingError (No route matches "/stylesheets/application.css" with {:method=>:get}):
  -e:1:in `load'
  -e:1

Rendering rescues/layout (not_found)
